<?xml version="1.0" encoding="UTF-8"?>
<testsuite name="iplanalyser.IplAnalyserTest" tests="1" skipped="0" failures="0" errors="0" timestamp="2019-12-24T04:45:34" hostname="bridgelabz" time="0.476">
  <properties/>
  <testcase name="givenIPLCensusMostRunsData_ShouldReturnTopBattingAverages_WhenSortedOnIt" classname="iplanalyser.IplAnalyserTest" time="0.476"/>
  <system-out><![CDATA[]]></system-out>
  <system-err><![CDATA[]]></system-err>
</testsuite>
